{
  "0 debug pnpm:scope": {
    "selected": 1
  },
  "1 debug pnpm": {
    "isCaseSensitive": false,
    "store": "/Users/anilbhatia/.pnpm-store/2"
  },
  "2 debug pnpm:package-manifest": {
    "initial": {
      "scripts": {
        "start": "react-native start",
        "android": "react-native run-android",
        "ios": "react-native run-ios",
        "web": "expo start --web",
        "postinstall": "jetify"
      },
      "dependencies": {
        "expo": "~36.0.0",
        "react": "~16.9.0",
        "react-dom": "~16.9.0",
        "react-native": "~0.61.4",
        "react-native-gesture-handler": "~1.5.0",
        "react-native-reanimated": "~1.4.0",
        "react-native-screens": "^2.0.0-alpha.24",
        "react-native-unimodules": "~0.7.0",
        "react-native-web": "~0.11.7",
        "rn-formly": "^1.0.11"
      },
      "devDependencies": {
        "@babel/core": "^7.0.0",
        "babel-jest": "~24.9.0",
        "jest": "~24.9.0",
        "jetifier": "~1.6.4",
        "metro-react-native-babel-preset": "~0.56.0",
        "react-test-renderer": "~16.9.0",
        "babel-preset-expo": "~8.0.0"
      },
      "private": true
    },
    "prefix": "/Users/anilbhatia/Desktop/formly-expo-example"
  },
  "3 debug pnpm:stage": {
    "prefix": "/Users/anilbhatia/Desktop/formly-expo-example",
    "stage": "resolution_started"
  },
  "4 warn pnpm": {
    "message": "Moving @babel/core that was installed by a different package manager to \"node_modules/.ignored",
    "prefix": "/Users/anilbhatia/Desktop/formly-expo-example"
  },
  "5 warn pnpm": {
    "message": "Moving babel-jest that was installed by a different package manager to \"node_modules/.ignored",
    "prefix": "/Users/anilbhatia/Desktop/formly-expo-example"
  },
  "6 warn pnpm": {
    "message": "Moving jest that was installed by a different package manager to \"node_modules/.ignored",
    "prefix": "/Users/anilbhatia/Desktop/formly-expo-example"
  },
  "7 warn pnpm": {
    "message": "Moving jetifier that was installed by a different package manager to \"node_modules/.ignored",
    "prefix": "/Users/anilbhatia/Desktop/formly-expo-example"
  },
  "8 warn pnpm": {
    "message": "Moving metro-react-native-babel-preset that was installed by a different package manager to \"node_modules/.ignored",
    "prefix": "/Users/anilbhatia/Desktop/formly-expo-example"
  },
  "9 warn pnpm": {
    "message": "Moving react-test-renderer that was installed by a different package manager to \"node_modules/.ignored",
    "prefix": "/Users/anilbhatia/Desktop/formly-expo-example"
  },
  "10 warn pnpm": {
    "message": "Moving babel-preset-expo that was installed by a different package manager to \"node_modules/.ignored",
    "prefix": "/Users/anilbhatia/Desktop/formly-expo-example"
  },
  "11 warn pnpm": {
    "message": "Moving expo that was installed by a different package manager to \"node_modules/.ignored",
    "prefix": "/Users/anilbhatia/Desktop/formly-expo-example"
  },
  "12 warn pnpm": {
    "message": "Moving react that was installed by a different package manager to \"node_modules/.ignored",
    "prefix": "/Users/anilbhatia/Desktop/formly-expo-example"
  },
  "13 warn pnpm": {
    "message": "Moving react-dom that was installed by a different package manager to \"node_modules/.ignored",
    "prefix": "/Users/anilbhatia/Desktop/formly-expo-example"
  },
  "14 warn pnpm": {
    "message": "Moving react-native that was installed by a different package manager to \"node_modules/.ignored",
    "prefix": "/Users/anilbhatia/Desktop/formly-expo-example"
  },
  "15 warn pnpm": {
    "message": "Moving react-native-gesture-handler that was installed by a different package manager to \"node_modules/.ignored",
    "prefix": "/Users/anilbhatia/Desktop/formly-expo-example"
  },
  "16 warn pnpm": {
    "message": "Moving react-native-reanimated that was installed by a different package manager to \"node_modules/.ignored",
    "prefix": "/Users/anilbhatia/Desktop/formly-expo-example"
  },
  "17 warn pnpm": {
    "message": "Moving react-native-screens that was installed by a different package manager to \"node_modules/.ignored",
    "prefix": "/Users/anilbhatia/Desktop/formly-expo-example"
  },
  "18 warn pnpm": {
    "message": "Moving react-native-unimodules that was installed by a different package manager to \"node_modules/.ignored",
    "prefix": "/Users/anilbhatia/Desktop/formly-expo-example"
  },
  "19 warn pnpm": {
    "message": "Moving react-native-web that was installed by a different package manager to \"node_modules/.ignored",
    "prefix": "/Users/anilbhatia/Desktop/formly-expo-example"
  },
  "20 debug pnpm:_dependency_resolved": {
    "resolution": "registry.npmjs.org/babel-preset-expo/8.0.0",
    "wanted": {
      "name": "babel-preset-expo",
      "rawSpec": "~8.0.0"
    }
  },
  "21 debug pnpm:progress": {
    "packageId": "registry.npmjs.org/babel-preset-expo/8.0.0",
    "requester": "/Users/anilbhatia/Desktop/formly-expo-example",
    "status": "resolved"
  },
  "22 debug pnpm:_dependency_resolved": {
    "resolution": "registry.npmjs.org/jetifier/1.6.5",
    "wanted": {
      "name": "jetifier",
      "rawSpec": "~1.6.4"
    }
  },
  "23 debug pnpm:progress": {
    "packageId": "registry.npmjs.org/jetifier/1.6.5",
    "requester": "/Users/anilbhatia/Desktop/formly-expo-example",
    "status": "resolved"
  },
  "24 debug pnpm:_dependency_resolved": {
    "resolution": "registry.npmjs.org/babel-jest/24.9.0",
    "wanted": {
      "name": "babel-jest",
      "rawSpec": "~24.9.0"
    }
  },
  "25 debug pnpm:progress": {
    "packageId": "registry.npmjs.org/babel-jest/24.9.0",
    "requester": "/Users/anilbhatia/Desktop/formly-expo-example",
    "status": "resolved"
  },
  "26 debug pnpm:_dependency_resolved": {
    "resolution": "registry.npmjs.org/jest/24.9.0",
    "wanted": {
      "name": "jest",
      "rawSpec": "~24.9.0"
    }
  },
  "27 debug pnpm:progress": {
    "packageId": "registry.npmjs.org/jest/24.9.0",
    "requester": "/Users/anilbhatia/Desktop/formly-expo-example",
    "status": "resolved"
  },
  "28 debug pnpm:_dependency_resolved": {
    "resolution": "registry.npmjs.org/react-native-reanimated/1.4.0",
    "wanted": {
      "name": "react-native-reanimated",
      "rawSpec": "~1.4.0"
    }
  },
  "29 debug pnpm:progress": {
    "packageId": "registry.npmjs.org/react-native-reanimated/1.4.0",
    "requester": "/Users/anilbhatia/Desktop/formly-expo-example",
    "status": "resolved"
  },
  "30 debug pnpm:_dependency_resolved": {
    "resolution": "registry.npmjs.org/react-native-screens/2.0.0-alpha.24",
    "wanted": {
      "name": "react-native-screens",
      "rawSpec": "^2.0.0-alpha.24"
    }
  },
  "31 debug pnpm:progress": {
    "packageId": "registry.npmjs.org/react-native-screens/2.0.0-alpha.24",
    "requester": "/Users/anilbhatia/Desktop/formly-expo-example",
    "status": "resolved"
  },
  "32 debug pnpm:_dependency_resolved": {
    "resolution": "registry.npmjs.org/react-native-unimodules/0.7.0",
    "wanted": {
      "name": "react-native-unimodules",
      "rawSpec": "~0.7.0"
    }
  },
  "33 debug pnpm:progress": {
    "packageId": "registry.npmjs.org/react-native-unimodules/0.7.0",
    "requester": "/Users/anilbhatia/Desktop/formly-expo-example",
    "status": "resolved"
  },
  "34 debug pnpm:_dependency_resolved": {
    "resolution": "registry.npmjs.org/react-native-gesture-handler/1.5.3",
    "wanted": {
      "name": "react-native-gesture-handler",
      "rawSpec": "~1.5.0"
    }
  },
  "35 debug pnpm:progress": {
    "packageId": "registry.npmjs.org/react-native-gesture-handler/1.5.3",
    "requester": "/Users/anilbhatia/Desktop/formly-expo-example",
    "status": "resolved"
  },
  "36 debug pnpm:_dependency_resolved": {
    "resolution": "registry.npmjs.org/metro-react-native-babel-preset/0.56.4",
    "wanted": {
      "name": "metro-react-native-babel-preset",
      "rawSpec": "~0.56.0"
    }
  },
  "37 debug pnpm:progress": {
    "packageId": "registry.npmjs.org/metro-react-native-babel-preset/0.56.4",
    "requester": "/Users/anilbhatia/Desktop/formly-expo-example",
    "status": "resolved"
  },
  "38 debug pnpm:fetching-progress": {
    "attempt": 1,
    "packageId": "registry.npmjs.org/babel-preset-expo/8.0.0",
    "size": 3046,
    "status": "started"
  },
  "39 debug pnpm:fetching-progress": {
    "downloaded": 3046,
    "packageId": "registry.npmjs.org/babel-preset-expo/8.0.0",
    "status": "in_progress"
  },
  "40 debug pnpm:_dependency_resolved": {
    "resolution": "registry.npmjs.org/react-dom/16.9.0",
    "wanted": {
      "name": "react-dom",
      "rawSpec": "~16.9.0"
    }
  },
  "41 debug pnpm:progress": {
    "packageId": "registry.npmjs.org/react-dom/16.9.0",
    "requester": "/Users/anilbhatia/Desktop/formly-expo-example",
    "status": "resolved"
  },
  "42 debug pnpm:_dependency_resolved": {
    "resolution": "registry.npmjs.org/@babel/core/7.8.3",
    "wanted": {
      "name": "@babel/core",
      "rawSpec": "^7.0.0"
    }
  },
  "43 debug pnpm:progress": {
    "packageId": "registry.npmjs.org/@babel/core/7.8.3",
    "requester": "/Users/anilbhatia/Desktop/formly-expo-example",
    "status": "resolved"
  },
  "44 debug pnpm:_dependency_resolved": {
    "resolution": "registry.npmjs.org/react-test-renderer/16.9.0",
    "wanted": {
      "name": "react-test-renderer",
      "rawSpec": "~16.9.0"
    }
  },
  "45 debug pnpm:progress": {
    "packageId": "registry.npmjs.org/react-test-renderer/16.9.0",
    "requester": "/Users/anilbhatia/Desktop/formly-expo-example",
    "status": "resolved"
  },
  "46 debug pnpm:_dependency_resolved": {
    "resolution": "registry.npmjs.org/react/16.9.0",
    "wanted": {
      "name": "react",
      "rawSpec": "~16.9.0"
    }
  },
  "47 debug pnpm:progress": {
    "packageId": "registry.npmjs.org/react/16.9.0",
    "requester": "/Users/anilbhatia/Desktop/formly-expo-example",
    "status": "resolved"
  },
  "48 debug pnpm:fetching-progress": {
    "attempt": 1,
    "packageId": "registry.npmjs.org/jetifier/1.6.5",
    "size": 2328173,
    "status": "started"
  },
  "49 debug pnpm:fetching-progress": {
    "downloaded": 3559,
    "packageId": "registry.npmjs.org/jetifier/1.6.5",
    "status": "in_progress"
  },
  "50 debug pnpm:fetching-progress": {
    "downloaded": 7788,
    "packageId": "registry.npmjs.org/jetifier/1.6.5",
    "status": "in_progress"
  },
  "51 debug pnpm:fetching-progress": {
    "downloaded": 12017,
    "packageId": "registry.npmjs.org/jetifier/1.6.5",
    "status": "in_progress"
  },
  "52 debug pnpm:fetching-progress": {
    "downloaded": 16246,
    "packageId": "registry.npmjs.org/jetifier/1.6.5",
    "status": "in_progress"
  },
  "53 debug pnpm:fetching-progress": {
    "downloaded": 20475,
    "packageId": "registry.npmjs.org/jetifier/1.6.5",
    "status": "in_progress"
  },
  "54 debug pnpm:_dependency_resolved": {
    "resolution": "registry.npmjs.org/react-native-web/0.11.7",
    "wanted": {
      "name": "react-native-web",
      "rawSpec": "~0.11.7"
    }
  },
  "55 debug pnpm:progress": {
    "packageId": "registry.npmjs.org/react-native-web/0.11.7",
    "requester": "/Users/anilbhatia/Desktop/formly-expo-example",
    "status": "resolved"
  },
  "56 debug pnpm:_dependency_resolved": {
    "resolution": "registry.npmjs.org/expo/36.0.2",
    "wanted": {
      "name": "expo",
      "rawSpec": "~36.0.0"
    }
  },
  "57 debug pnpm:progress": {
    "packageId": "registry.npmjs.org/expo/36.0.2",
    "requester": "/Users/anilbhatia/Desktop/formly-expo-example",
    "status": "resolved"
  },
  "58 debug pnpm:fetching-progress": {
    "attempt": 1,
    "packageId": "registry.npmjs.org/babel-jest/24.9.0",
    "size": 3128,
    "status": "started"
  },
  "59 debug pnpm:fetching-progress": {
    "downloaded": 701,
    "packageId": "registry.npmjs.org/babel-jest/24.9.0",
    "status": "in_progress"
  },
  "60 debug pnpm:fetching-progress": {
    "downloaded": 2070,
    "packageId": "registry.npmjs.org/babel-jest/24.9.0",
    "status": "in_progress"
  },
  "61 debug pnpm:fetching-progress": {
    "downloaded": 3128,
    "packageId": "registry.npmjs.org/babel-jest/24.9.0",
    "status": "in_progress"
  },
  "62 debug pnpm:_dependency_resolved": {
    "resolution": "registry.npmjs.org/react-native/0.61.5",
    "wanted": {
      "name": "react-native",
      "rawSpec": "~0.61.4"
    }
  },
  "63 debug pnpm:progress": {
    "packageId": "registry.npmjs.org/react-native/0.61.5",
    "requester": "/Users/anilbhatia/Desktop/formly-expo-example",
    "status": "resolved"
  },
  "64 debug pnpm:fetching-progress": {
    "attempt": 1,
    "packageId": "registry.npmjs.org/react-native-reanimated/1.4.0",
    "size": 80843,
    "status": "started"
  },
  "65 debug pnpm:fetching-progress": {
    "downloaded": 3561,
    "packageId": "registry.npmjs.org/react-native-reanimated/1.4.0",
    "status": "in_progress"
  },
  "66 debug pnpm:fetching-progress": {
    "downloaded": 7790,
    "packageId": "registry.npmjs.org/react-native-reanimated/1.4.0",
    "status": "in_progress"
  },
  "67 debug pnpm:fetching-progress": {
    "downloaded": 12019,
    "packageId": "registry.npmjs.org/react-native-reanimated/1.4.0",
    "status": "in_progress"
  },
  "68 debug pnpm:fetching-progress": {
    "downloaded": 16248,
    "packageId": "registry.npmjs.org/react-native-reanimated/1.4.0",
    "status": "in_progress"
  },
  "69 debug pnpm:fetching-progress": {
    "downloaded": 20477,
    "packageId": "registry.npmjs.org/react-native-reanimated/1.4.0",
    "status": "in_progress"
  },
  "70 debug pnpm:fetching-progress": {
    "attempt": 1,
    "packageId": "registry.npmjs.org/react-native-screens/2.0.0-alpha.24",
    "size": 50963,
    "status": "started"
  },
  "71 debug pnpm:fetching-progress": {
    "downloaded": 3563,
    "packageId": "registry.npmjs.org/react-native-screens/2.0.0-alpha.24",
    "status": "in_progress"
  },
  "72 debug pnpm:fetching-progress": {
    "downloaded": 7792,
    "packageId": "registry.npmjs.org/react-native-screens/2.0.0-alpha.24",
    "status": "in_progress"
  },
  "73 debug pnpm:fetching-progress": {
    "downloaded": 12021,
    "packageId": "registry.npmjs.org/react-native-screens/2.0.0-alpha.24",
    "status": "in_progress"
  },
  "74 debug pnpm:fetching-progress": {
    "downloaded": 16250,
    "packageId": "registry.npmjs.org/react-native-screens/2.0.0-alpha.24",
    "status": "in_progress"
  },
  "75 debug pnpm:fetching-progress": {
    "downloaded": 20479,
    "packageId": "registry.npmjs.org/react-native-screens/2.0.0-alpha.24",
    "status": "in_progress"
  },
  "76 debug pnpm:fetching-progress": {
    "attempt": 1,
    "packageId": "registry.npmjs.org/react-native-unimodules/0.7.0",
    "size": 8955,
    "status": "started"
  },
  "77 debug pnpm:fetching-progress": {
    "downloaded": 3562,
    "packageId": "registry.npmjs.org/react-native-unimodules/0.7.0",
    "status": "in_progress"
  },
  "78 debug pnpm:fetching-progress": {
    "downloaded": 7791,
    "packageId": "registry.npmjs.org/react-native-unimodules/0.7.0",
    "status": "in_progress"
  },
  "79 debug pnpm:fetching-progress": {
    "downloaded": 8955,
    "packageId": "registry.npmjs.org/react-native-unimodules/0.7.0",
    "status": "in_progress"
  },
  "80 debug pnpm:fetching-progress": {
    "attempt": 1,
    "packageId": "registry.npmjs.org/jest/24.9.0",
    "size": 1782,
    "status": "started"
  },
  "81 debug pnpm:fetching-progress": {
    "downloaded": 1782,
    "packageId": "registry.npmjs.org/jest/24.9.0",
    "status": "in_progress"
  },
  "82 debug pnpm:_dependency_resolved": {
    "resolution": "registry.npmjs.org/@babel/plugin-proposal-decorators/7.8.3",
    "wanted": {
      "dependentId": "registry.npmjs.org/babel-preset-expo/8.0.0",
      "name": "@babel/plugin-proposal-decorators",
      "rawSpec": "^7.6.0"
    }
  },
  "83 debug pnpm:progress": {
    "packageId": "registry.npmjs.org/@babel/plugin-proposal-decorators/7.8.3",
    "requester": "/Users/anilbhatia/Desktop/formly-expo-example",
    "status": "resolved"
  },
  "84 debug pnpm:fetching-progress": {
    "attempt": 1,
    "packageId": "registry.npmjs.org/react-native-gesture-handler/1.5.3",
    "size": 89476,
    "status": "started"
  },
  "85 debug pnpm:fetching-progress": {
    "downloaded": 3561,
    "packageId": "registry.npmjs.org/react-native-gesture-handler/1.5.3",
    "status": "in_progress"
  },
  "86 debug pnpm:fetching-progress": {
    "downloaded": 7790,
    "packageId": "registry.npmjs.org/react-native-gesture-handler/1.5.3",
    "status": "in_progress"
  },
  "87 debug pnpm:fetching-progress": {
    "downloaded": 12019,
    "packageId": "registry.npmjs.org/react-native-gesture-handler/1.5.3",
    "status": "in_progress"
  },
  "88 debug pnpm:fetching-progress": {
    "downloaded": 16248,
    "packageId": "registry.npmjs.org/react-native-gesture-handler/1.5.3",
    "status": "in_progress"
  },
  "89 debug pnpm:fetching-progress": {
    "downloaded": 20477,
    "packageId": "registry.npmjs.org/react-native-gesture-handler/1.5.3",
    "status": "in_progress"
  },
  "90 debug pnpm:fetching-progress": {
    "attempt": 1,
    "packageId": "registry.npmjs.org/metro-react-native-babel-preset/0.56.4",
    "size": 4756,
    "status": "started"
  },
  "91 debug pnpm:fetching-progress": {
    "downloaded": 3563,
    "packageId": "registry.npmjs.org/metro-react-native-babel-preset/0.56.4",
    "status": "in_progress"
  },
  "92 debug pnpm:fetching-progress": {
    "downloaded": 4756,
    "packageId": "registry.npmjs.org/metro-react-native-babel-preset/0.56.4",
    "status": "in_progress"
  },
  "93 debug pnpm:fetching-progress": {
    "downloaded": 24704,
    "packageId": "registry.npmjs.org/jetifier/1.6.5",
    "status": "in_progress"
  },
  "94 debug pnpm:fetching-progress": {
    "downloaded": 28933,
    "packageId": "registry.npmjs.org/jetifier/1.6.5",
    "status": "in_progress"
  },
  "95 debug pnpm:fetching-progress": {
    "downloaded": 32098,
    "packageId": "registry.npmjs.org/jetifier/1.6.5",
    "status": "in_progress"
  },
  "96 debug pnpm:fetching-progress": {
    "downloaded": 36327,
    "packageId": "registry.npmjs.org/jetifier/1.6.5",
    "status": "in_progress"
  },
  "97 debug pnpm:fetching-progress": {
    "downloaded": 40556,
    "packageId": "registry.npmjs.org/jetifier/1.6.5",
    "status": "in_progress"
  },
  "98 debug pnpm:fetching-progress": {
    "attempt": 1,
    "packageId": "registry.npmjs.org/react-dom/16.9.0",
    "size": 780591,
    "status": "started"
  },
  "99 debug pnpm:fetching-progress": {
    "downloaded": 3559,
    "packageId": "registry.npmjs.org/react-dom/16.9.0",
    "status": "in_progress"
  },
  "100 debug pnpm:fetching-progress": {
    "downloaded": 7788,
    "packageId": "registry.npmjs.org/react-dom/16.9.0",
    "status": "in_progress"
  },
  "101 debug pnpm:fetching-progress": {
    "downloaded": 12017,
    "packageId": "registry.npmjs.org/react-dom/16.9.0",
    "status": "in_progress"
  },
  "102 debug pnpm:fetching-progress": {
    "downloaded": 16246,
    "packageId": "registry.npmjs.org/react-dom/16.9.0",
    "status": "in_progress"
  },
  "103 debug pnpm:fetching-progress": {
    "downloaded": 20475,
    "packageId": "registry.npmjs.org/react-dom/16.9.0",
    "status": "in_progress"
  },
  "104 debug pnpm:fetching-progress": {
    "attempt": 1,
    "packageId": "registry.npmjs.org/react-test-renderer/16.9.0",
    "size": 327126,
    "status": "started"
  },
  "105 debug pnpm:fetching-progress": {
    "downloaded": 3559,
    "packageId": "registry.npmjs.org/react-test-renderer/16.9.0",
    "status": "in_progress"
  },
  "106 debug pnpm:fetching-progress": {
    "downloaded": 7788,
    "packageId": "registry.npmjs.org/react-test-renderer/16.9.0",
    "status": "in_progress"
  },
  "107 debug pnpm:fetching-progress": {
    "downloaded": 12017,
    "packageId": "registry.npmjs.org/react-test-renderer/16.9.0",
    "status": "in_progress"
  },
  "108 debug pnpm:fetching-progress": {
    "downloaded": 16246,
    "packageId": "registry.npmjs.org/react-test-renderer/16.9.0",
    "status": "in_progress"
  },
  "109 debug pnpm:fetching-progress": {
    "downloaded": 20475,
    "packageId": "registry.npmjs.org/react-test-renderer/16.9.0",
    "status": "in_progress"
  },
  "110 debug pnpm:fetching-progress": {
    "downloaded": 44785,
    "packageId": "registry.npmjs.org/jetifier/1.6.5",
    "status": "in_progress"
  },
  "111 debug pnpm:fetching-progress": {
    "downloaded": 49014,
    "packageId": "registry.npmjs.org/jetifier/1.6.5",
    "status": "in_progress"
  },
  "112 debug pnpm:fetching-progress": {
    "downloaded": 53243,
    "packageId": "registry.npmjs.org/jetifier/1.6.5",
    "status": "in_progress"
  },
  "113 debug pnpm:fetching-progress": {
    "downloaded": 57472,
    "packageId": "registry.npmjs.org/jetifier/1.6.5",
    "status": "in_progress"
  },
  "114 debug pnpm:fetching-progress": {
    "downloaded": 24706,
    "packageId": "registry.npmjs.org/react-native-reanimated/1.4.0",
    "status": "in_progress"
  },
  "115 debug pnpm:fetching-progress": {
    "downloaded": 28935,
    "packageId": "registry.npmjs.org/react-native-reanimated/1.4.0",
    "status": "in_progress"
  },
  "116 debug pnpm:fetching-progress": {
    "downloaded": 32100,
    "packageId": "registry.npmjs.org/react-native-reanimated/1.4.0",
    "status": "in_progress"
  },
  "117 debug pnpm:fetching-progress": {
    "downloaded": 36329,
    "packageId": "registry.npmjs.org/react-native-reanimated/1.4.0",
    "status": "in_progress"
  },
  "118 debug pnpm:fetching-progress": {
    "downloaded": 40558,
    "packageId": "registry.npmjs.org/react-native-reanimated/1.4.0",
    "status": "in_progress"
  },
  "119 debug pnpm:fetching-progress": {
    "downloaded": 24708,
    "packageId": "registry.npmjs.org/react-native-screens/2.0.0-alpha.24",
    "status": "in_progress"
  },
  "120 debug pnpm:fetching-progress": {
    "downloaded": 28937,
    "packageId": "registry.npmjs.org/react-native-screens/2.0.0-alpha.24",
    "status": "in_progress"
  },
  "121 debug pnpm:fetching-progress": {
    "downloaded": 32102,
    "packageId": "registry.npmjs.org/react-native-screens/2.0.0-alpha.24",
    "status": "in_progress"
  },
  "122 debug pnpm:fetching-progress": {
    "downloaded": 36331,
    "packageId": "registry.npmjs.org/react-native-screens/2.0.0-alpha.24",
    "status": "in_progress"
  },
  "123 debug pnpm:fetching-progress": {
    "downloaded": 40560,
    "packageId": "registry.npmjs.org/react-native-screens/2.0.0-alpha.24",
    "status": "in_progress"
  },
  "124 debug pnpm:fetching-progress": {
    "downloaded": 24706,
    "packageId": "registry.npmjs.org/react-native-gesture-handler/1.5.3",
    "status": "in_progress"
  },
  "125 debug pnpm:fetching-progress": {
    "downloaded": 28935,
    "packageId": "registry.npmjs.org/react-native-gesture-handler/1.5.3",
    "status": "in_progress"
  },
  "126 debug pnpm:fetching-progress": {
    "downloaded": 32100,
    "packageId": "registry.npmjs.org/react-native-gesture-handler/1.5.3",
    "status": "in_progress"
  },
  "127 debug pnpm:fetching-progress": {
    "downloaded": 36329,
    "packageId": "registry.npmjs.org/react-native-gesture-handler/1.5.3",
    "status": "in_progress"
  },
  "128 debug pnpm:fetching-progress": {
    "downloaded": 40558,
    "packageId": "registry.npmjs.org/react-native-gesture-handler/1.5.3",
    "status": "in_progress"
  },
  "129 debug pnpm:fetching-progress": {
    "downloaded": 24704,
    "packageId": "registry.npmjs.org/react-dom/16.9.0",
    "status": "in_progress"
  },
  "130 debug pnpm:fetching-progress": {
    "downloaded": 28933,
    "packageId": "registry.npmjs.org/react-dom/16.9.0",
    "status": "in_progress"
  },
  "131 debug pnpm:fetching-progress": {
    "downloaded": 32098,
    "packageId": "registry.npmjs.org/react-dom/16.9.0",
    "status": "in_progress"
  },
  "132 debug pnpm:fetching-progress": {
    "downloaded": 36327,
    "packageId": "registry.npmjs.org/react-dom/16.9.0",
    "status": "in_progress"
  },
  "133 debug pnpm:fetching-progress": {
    "downloaded": 40556,
    "packageId": "registry.npmjs.org/react-dom/16.9.0",
    "status": "in_progress"
  },
  "134 debug pnpm:fetching-progress": {
    "downloaded": 24704,
    "packageId": "registry.npmjs.org/react-test-renderer/16.9.0",
    "status": "in_progress"
  },
  "135 debug pnpm:fetching-progress": {
    "downloaded": 28933,
    "packageId": "registry.npmjs.org/react-test-renderer/16.9.0",
    "status": "in_progress"
  },
  "136 debug pnpm:fetching-progress": {
    "downloaded": 32098,
    "packageId": "registry.npmjs.org/react-test-renderer/16.9.0",
    "status": "in_progress"
  },
  "137 debug pnpm:fetching-progress": {
    "downloaded": 36327,
    "packageId": "registry.npmjs.org/react-test-renderer/16.9.0",
    "status": "in_progress"
  },
  "138 debug pnpm:fetching-progress": {
    "downloaded": 40556,
    "packageId": "registry.npmjs.org/react-test-renderer/16.9.0",
    "status": "in_progress"
  },
  "139 debug pnpm:fetching-progress": {
    "downloaded": 61701,
    "packageId": "registry.npmjs.org/jetifier/1.6.5",
    "status": "in_progress"
  },
  "140 debug pnpm:fetching-progress": {
    "downloaded": 64866,
    "packageId": "registry.npmjs.org/jetifier/1.6.5",
    "status": "in_progress"
  },
  "141 debug pnpm:fetching-progress": {
    "downloaded": 69095,
    "packageId": "registry.npmjs.org/jetifier/1.6.5",
    "status": "in_progress"
  },
  "142 debug pnpm:fetching-progress": {
    "downloaded": 73324,
    "packageId": "registry.npmjs.org/jetifier/1.6.5",
    "status": "in_progress"
  },
  "143 debug pnpm:fetching-progress": {
    "downloaded": 77553,
    "packageId": "registry.npmjs.org/jetifier/1.6.5",
    "status": "in_progress"
  },
  "144 debug pnpm:fetching-progress": {
    "downloaded": 44787,
    "packageId": "registry.npmjs.org/react-native-reanimated/1.4.0",
    "status": "in_progress"
  },
  "145 debug pnpm:fetching-progress": {
    "downloaded": 49016,
    "packageId": "registry.npmjs.org/react-native-reanimated/1.4.0",
    "status": "in_progress"
  },
  "146 debug pnpm:fetching-progress": {
    "downloaded": 53245,
    "packageId": "registry.npmjs.org/react-native-reanimated/1.4.0",
    "status": "in_progress"
  },
  "147 debug pnpm:fetching-progress": {
    "downloaded": 57474,
    "packageId": "registry.npmjs.org/react-native-reanimated/1.4.0",
    "status": "in_progress"
  },
  "148 debug pnpm:fetching-progress": {
    "downloaded": 44789,
    "packageId": "registry.npmjs.org/react-native-screens/2.0.0-alpha.24",
    "status": "in_progress"
  },
  "149 debug pnpm:fetching-progress": {
    "downloaded": 49018,
    "packageId": "registry.npmjs.org/react-native-screens/2.0.0-alpha.24",
    "status": "in_progress"
  },
  "150 debug pnpm:fetching-progress": {
    "downloaded": 50963,
    "packageId": "registry.npmjs.org/react-native-screens/2.0.0-alpha.24",
    "status": "in_progress"
  },
  "151 debug pnpm:fetching-progress": {
    "downloaded": 44787,
    "packageId": "registry.npmjs.org/react-native-gesture-handler/1.5.3",
    "status": "in_progress"
  },
  "152 debug pnpm:fetching-progress": {
    "downloaded": 49016,
    "packageId": "registry.npmjs.org/react-native-gesture-handler/1.5.3",
    "status": "in_progress"
  },
  "153 debug pnpm:fetching-progress": {
    "downloaded": 53245,
    "packageId": "registry.npmjs.org/react-native-gesture-handler/1.5.3",
    "status": "in_progress"
  },
  "154 debug pnpm:fetching-progress": {
    "downloaded": 57474,
    "packageId": "registry.npmjs.org/react-native-gesture-handler/1.5.3",
    "status": "in_progress"
  },
  "155 debug pnpm:fetching-progress": {
    "attempt": 1,
    "packageId": "registry.npmjs.org/react-native-web/0.11.7",
    "size": 561432,
    "status": "started"
  },
  "156 debug pnpm:fetching-progress": {
    "downloaded": 700,
    "packageId": "registry.npmjs.org/react-native-web/0.11.7",
    "status": "in_progress"
  },
  "157 debug pnpm:fetching-progress": {
    "downloaded": 2069,
    "packageId": "registry.npmjs.org/react-native-web/0.11.7",
    "status": "in_progress"
  },
  "158 debug pnpm:fetching-progress": {
    "downloaded": 3438,
    "packageId": "registry.npmjs.org/react-native-web/0.11.7",
    "status": "in_progress"
  },
  "159 debug pnpm:fetching-progress": {
    "downloaded": 4807,
    "packageId": "registry.npmjs.org/react-native-web/0.11.7",
    "status": "in_progress"
  },
  "160 debug pnpm:fetching-progress": {
    "downloaded": 6176,
    "packageId": "registry.npmjs.org/react-native-web/0.11.7",
    "status": "in_progress"
  },
  "161 debug pnpm:fetching-progress": {
    "downloaded": 7545,
    "packageId": "registry.npmjs.org/react-native-web/0.11.7",
    "status": "in_progress"
  },
  "162 debug pnpm:fetching-progress": {
    "downloaded": 8914,
    "packageId": "registry.npmjs.org/react-native-web/0.11.7",
    "status": "in_progress"
  },
  "163 debug pnpm:fetching-progress": {
    "downloaded": 13143,
    "packageId": "registry.npmjs.org/react-native-web/0.11.7",
    "status": "in_progress"
  },
  "164 debug pnpm:fetching-progress": {
    "downloaded": 44785,
    "packageId": "registry.npmjs.org/react-dom/16.9.0",
    "status": "in_progress"
  },
  "165 debug pnpm:fetching-progress": {
    "downloaded": 49014,
    "packageId": "registry.npmjs.org/react-dom/16.9.0",
    "status": "in_progress"
  },
  "166 debug pnpm:fetching-progress": {
    "downloaded": 53243,
    "packageId": "registry.npmjs.org/react-dom/16.9.0",
    "status": "in_progress"
  },
  "167 debug pnpm:fetching-progress": {
    "downloaded": 57472,
    "packageId": "registry.npmjs.org/react-dom/16.9.0",
    "status": "in_progress"
  },
  "168 debug pnpm:fetching-progress": {
    "downloaded": 56940,
    "packageId": "registry.npmjs.org/react-test-renderer/16.9.0",
    "status": "in_progress"
  },
  "169 debug pnpm:fetching-progress": {
    "attempt": 1,
    "packageId": "registry.npmjs.org/@babel/core/7.8.3",
    "size": 34078,
    "status": "started"
  },
  "170 debug pnpm:fetching-progress": {
    "downloaded": 15713,
    "packageId": "registry.npmjs.org/@babel/core/7.8.3",
    "status": "in_progress"
  },
  "171 debug pnpm:fetching-progress": {
    "attempt": 1,
    "packageId": "registry.npmjs.org/react/16.9.0",
    "size": 60266,
    "status": "started"
  },
  "172 debug pnpm:fetching-progress": {
    "downloaded": 15716,
    "packageId": "registry.npmjs.org/react/16.9.0",
    "status": "in_progress"
  },
  "173 debug pnpm:fetching-progress": {
    "downloaded": 17372,
    "packageId": "registry.npmjs.org/react-native-web/0.11.7",
    "status": "in_progress"
  },
  "174 debug pnpm:fetching-progress": {
    "downloaded": 32097,
    "packageId": "registry.npmjs.org/@babel/core/7.8.3",
    "status": "in_progress"
  },
  "175 debug pnpm:fetching-progress": {
    "attempt": 1,
    "packageId": "registry.npmjs.org/expo/36.0.2",
    "size": 124590,
    "status": "started"
  },
  "176 debug pnpm:fetching-progress": {
    "downloaded": 15715,
    "packageId": "registry.npmjs.org/expo/36.0.2",
    "status": "in_progress"
  },
  "177 debug pnpm:fetching-progress": {
    "downloaded": 32099,
    "packageId": "registry.npmjs.org/expo/36.0.2",
    "status": "in_progress"
  },
  "178 debug pnpm:fetching-progress": {
    "downloaded": 32052,
    "packageId": "registry.npmjs.org/react/16.9.0",
    "status": "in_progress"
  },
  "179 debug pnpm:fetching-progress": {
    "downloaded": 61703,
    "packageId": "registry.npmjs.org/react-native-reanimated/1.4.0",
    "status": "in_progress"
  },
  "180 debug pnpm:fetching-progress": {
    "downloaded": 64868,
    "packageId": "registry.npmjs.org/react-native-reanimated/1.4.0",
    "status": "in_progress"
  },
  "181 debug pnpm:fetching-progress": {
    "downloaded": 69097,
    "packageId": "registry.npmjs.org/react-native-reanimated/1.4.0",
    "status": "in_progress"
  },
  "182 debug pnpm:fetching-progress": {
    "downloaded": 73326,
    "packageId": "registry.npmjs.org/react-native-reanimated/1.4.0",
    "status": "in_progress"
  },
  "183 debug pnpm:fetching-progress": {
    "downloaded": 77555,
    "packageId": "registry.npmjs.org/react-native-reanimated/1.4.0",
    "status": "in_progress"
  },
  "184 debug pnpm:fetching-progress": {
    "downloaded": 81782,
    "packageId": "registry.npmjs.org/jetifier/1.6.5",
    "status": "in_progress"
  },
  "185 debug pnpm:fetching-progress": {
    "downloaded": 86011,
    "packageId": "registry.npmjs.org/jetifier/1.6.5",
    "status": "in_progress"
  },
  "186 debug pnpm:fetching-progress": {
    "downloaded": 97634,
    "packageId": "registry.npmjs.org/jetifier/1.6.5",
    "status": "in_progress"
  },
  "187 debug pnpm:fetching-progress": {
    "downloaded": 61703,
    "packageId": "registry.npmjs.org/react-native-gesture-handler/1.5.3",
    "status": "in_progress"
  },
  "188 debug pnpm:fetching-progress": {
    "downloaded": 64868,
    "packageId": "registry.npmjs.org/react-native-gesture-handler/1.5.3",
    "status": "in_progress"
  },
  "189 debug pnpm:fetching-progress": {
    "downloaded": 69097,
    "packageId": "registry.npmjs.org/react-native-gesture-handler/1.5.3",
    "status": "in_progress"
  },
  "190 debug pnpm:fetching-progress": {
    "downloaded": 73326,
    "packageId": "registry.npmjs.org/react-native-gesture-handler/1.5.3",
    "status": "in_progress"
  },
  "191 debug pnpm:fetching-progress": {
    "downloaded": 77555,
    "packageId": "registry.npmjs.org/react-native-gesture-handler/1.5.3",
    "status": "in_progress"
  },
  "192 debug pnpm:fetching-progress": {
    "downloaded": 64866,
    "packageId": "registry.npmjs.org/react-test-renderer/16.9.0",
    "status": "in_progress"
  },
  "193 debug pnpm:fetching-progress": {
    "downloaded": 81250,
    "packageId": "registry.npmjs.org/react-test-renderer/16.9.0",
    "status": "in_progress"
  },
  "194 debug pnpm:_dependency_resolved": {
    "resolution": "registry.npmjs.org/@babel/preset-env/7.8.3",
    "wanted": {
      "dependentId": "registry.npmjs.org/babel-preset-expo/8.0.0",
      "name": "@babel/preset-env",
      "rawSpec": "^7.6.3"
    }
  },
  "195 debug pnpm:progress": {
    "packageId": "registry.npmjs.org/@babel/preset-env/7.8.3",
    "requester": "/Users/anilbhatia/Desktop/formly-expo-example",
    "status": "resolved"
  },
  "196 debug pnpm:fetching-progress": {
    "downloaded": 61701,
    "packageId": "registry.npmjs.org/react-dom/16.9.0",
    "status": "in_progress"
  },
  "197 debug pnpm:fetching-progress": {
    "downloaded": 64866,
    "packageId": "registry.npmjs.org/react-dom/16.9.0",
    "status": "in_progress"
  },
  "198 debug pnpm:fetching-progress": {
    "downloaded": 69095,
    "packageId": "registry.npmjs.org/react-dom/16.9.0",
    "status": "in_progress"
  },
  "199 debug pnpm:fetching-progress": {
    "downloaded": 73324,
    "packageId": "registry.npmjs.org/react-dom/16.9.0",
    "status": "in_progress"
  },
  "200 debug pnpm:fetching-progress": {
    "downloaded": 77553,
    "packageId": "registry.npmjs.org/react-dom/16.9.0",
    "status": "in_progress"
  },
  "201 debug pnpm:fetching-progress": {
    "downloaded": 21601,
    "packageId": "registry.npmjs.org/react-native-web/0.11.7",
    "status": "in_progress"
  },
  "202 debug pnpm:fetching-progress": {
    "downloaded": 25830,
    "packageId": "registry.npmjs.org/react-native-web/0.11.7",
    "status": "in_progress"
  },
  "203 debug pnpm:fetching-progress": {
    "downloaded": 30059,
    "packageId": "registry.npmjs.org/react-native-web/0.11.7",
    "status": "in_progress"
  },
  "204 debug pnpm:fetching-progress": {
    "downloaded": 32099,
    "packageId": "registry.npmjs.org/react-native-web/0.11.7",
    "status": "in_progress"
  },
  "205 debug pnpm:fetching-progress": {
    "downloaded": 36328,
    "packageId": "registry.npmjs.org/react-native-web/0.11.7",
    "status": "in_progress"
  },
  "206 debug pnpm:fetching-progress": {
    "downloaded": 114018,
    "packageId": "registry.npmjs.org/jetifier/1.6.5",
    "status": "in_progress"
  },
  "207 debug pnpm:fetching-progress": {
    "downloaded": 80843,
    "packageId": "registry.npmjs.org/react-native-reanimated/1.4.0",
    "status": "in_progress"
  },
  "208 debug pnpm:fetching-progress": {
    "downloaded": 97634,
    "packageId": "registry.npmjs.org/react-test-renderer/16.9.0",
    "status": "in_progress"
  },
  "209 debug pnpm:fetching-progress": {
    "downloaded": 34078,
    "packageId": "registry.npmjs.org/@babel/core/7.8.3",
    "status": "in_progress"
  },
  "210 debug pnpm:fetching-progress": {
    "downloaded": 48436,
    "packageId": "registry.npmjs.org/react/16.9.0",
    "status": "in_progress"
  },
  "211 debug pnpm:fetching-progress": {
    "downloaded": 48483,
    "packageId": "registry.npmjs.org/expo/36.0.2",
    "status": "in_progress"
  },
  "212 debug pnpm:fetching-progress": {
    "downloaded": 81784,
    "packageId": "registry.npmjs.org/react-native-gesture-handler/1.5.3",
    "status": "in_progress"
  },
  "213 debug pnpm:fetching-progress": {
    "downloaded": 86013,
    "packageId": "registry.npmjs.org/react-native-gesture-handler/1.5.3",
    "status": "in_progress"
  },
  "214 debug pnpm:fetching-progress": {
    "downloaded": 89476,
    "packageId": "registry.npmjs.org/react-native-gesture-handler/1.5.3",
    "status": "in_progress"
  },
  "215 debug pnpm:fetching-progress": {
    "downloaded": 130402,
    "packageId": "registry.npmjs.org/jetifier/1.6.5",
    "status": "in_progress"
  },
  "216 debug pnpm:fetching-progress": {
    "downloaded": 114018,
    "packageId": "registry.npmjs.org/react-test-renderer/16.9.0",
    "status": "in_progress"
  },
  "217 debug pnpm:fetching-progress": {
    "downloaded": 64867,
    "packageId": "registry.npmjs.org/expo/36.0.2",
    "status": "in_progress"
  },
  "218 debug pnpm:fetching-progress": {
    "downloaded": 60266,
    "packageId": "registry.npmjs.org/react/16.9.0",
    "status": "in_progress"
  },
  "219 debug pnpm:fetching-progress": {
    "downloaded": 40557,
    "packageId": "registry.npmjs.org/react-native-web/0.11.7",
    "status": "in_progress"
  },
  "220 debug pnpm:fetching-progress": {
    "downloaded": 44786,
    "packageId": "registry.npmjs.org/react-native-web/0.11.7",
    "status": "in_progress"
  },
  "221 debug pnpm:fetching-progress": {
    "downloaded": 49015,
    "packageId": "registry.npmjs.org/react-native-web/0.11.7",
    "status": "in_progress"
  },
  "222 debug pnpm:fetching-progress": {
    "downloaded": 53244,
    "packageId": "registry.npmjs.org/react-native-web/0.11.7",
    "status": "in_progress"
  },
  "223 debug pnpm:fetching-progress": {
    "downloaded": 81782,
    "packageId": "registry.npmjs.org/react-dom/16.9.0",
    "status": "in_progress"
  },
  "224 debug pnpm:fetching-progress": {
    "downloaded": 86011,
    "packageId": "registry.npmjs.org/react-dom/16.9.0",
    "status": "in_progress"
  },
  "225 debug pnpm:fetching-progress": {
    "downloaded": 90240,
    "packageId": "registry.npmjs.org/react-dom/16.9.0",
    "status": "in_progress"
  },
  "226 debug pnpm:fetching-progress": {
    "downloaded": 94469,
    "packageId": "registry.npmjs.org/react-dom/16.9.0",
    "status": "in_progress"
  },
  "227 debug pnpm:fetching-progress": {
    "downloaded": 146786,
    "packageId": "registry.npmjs.org/jetifier/1.6.5",
    "status": "in_progress"
  },
  "228 debug pnpm:fetching-progress": {
    "downloaded": 130402,
    "packageId": "registry.npmjs.org/react-test-renderer/16.9.0",
    "status": "in_progress"
  },
  "229 error pnpm": {
    "message": {},
    "err": {
      "name": "TypeError",
      "message": "Cannot read property 'latest' of undefined",
      "stack": "TypeError: Cannot read property 'latest' of undefined\n    at pickVersionByVersionRange (/usr/local/lib/node_modules/pnpm/lib/node_modules/@pnpm/npm-resolver/lib/pickPackageFromMeta.js:22:38)\n    at Object.default_1 [as default] (/usr/local/lib/node_modules/pnpm/lib/node_modules/@pnpm/npm-resolver/lib/pickPackageFromMeta.js:14:23)\n    at exports.default (/usr/local/lib/node_modules/pnpm/lib/node_modules/@pnpm/npm-resolver/lib/pickPackage.js:74:57)\n    at process._tickCallback (internal/process/next_tick.js:68:7)"
    }
  }
}